2020-05-23 23:30:51,756 DEBUG [main] RequestAddCookies:123 - CookieSpec selected: default
2020-05-23 23:30:51,765 DEBUG [main] RequestAuthCache:77 - Auth cache not set in the context
2020-05-23 23:30:51,765 DEBUG [main] PoolingHttpClientConnectionManager:265 - Connection request: [route: {s}->https://chromedriver.storage.googleapis.com:443][total kept alive: 0; route allocated: 0 of 2; total allocated: 0 of 20]
2020-05-23 23:30:51,777 DEBUG [main] PoolingHttpClientConnectionManager:309 - Connection leased: [id: 0][route: {s}->https://chromedriver.storage.googleapis.com:443][total kept alive: 0; route allocated: 1 of 2; total allocated: 1 of 20]
2020-05-23 23:30:51,779 DEBUG [main] MainClientExec:235 - Opening connection {s}->https://chromedriver.storage.googleapis.com:443
2020-05-23 23:30:51,784 DEBUG [main] DefaultHttpClientConnectionOperator:139 - Connecting to chromedriver.storage.googleapis.com/172.217.163.48:443
2020-05-23 23:30:51,787 DEBUG [main] SSLConnectionSocketFactory:337 - Connecting socket to chromedriver.storage.googleapis.com/172.217.163.48:443 with timeout 0
2020-05-23 23:30:51,803 DEBUG [main] SSLConnectionSocketFactory:390 - Enabled protocols: [TLSv1, TLSv1.1, TLSv1.2]
2020-05-23 23:30:51,807 DEBUG [main] SSLConnectionSocketFactory:391 - Enabled cipher suites:[TLS_ECDHE_ECDSA_WITH_AES_256_CBC_SHA384, TLS_ECDHE_RSA_WITH_AES_256_CBC_SHA384, TLS_RSA_WITH_AES_256_CBC_SHA256, TLS_ECDH_ECDSA_WITH_AES_256_CBC_SHA384, TLS_ECDH_RSA_WITH_AES_256_CBC_SHA384, TLS_DHE_RSA_WITH_AES_256_CBC_SHA256, TLS_DHE_DSS_WITH_AES_256_CBC_SHA256, TLS_ECDHE_ECDSA_WITH_AES_256_CBC_SHA, TLS_ECDHE_RSA_WITH_AES_256_CBC_SHA, TLS_RSA_WITH_AES_256_CBC_SHA, TLS_ECDH_ECDSA_WITH_AES_256_CBC_SHA, TLS_ECDH_RSA_WITH_AES_256_CBC_SHA, TLS_DHE_RSA_WITH_AES_256_CBC_SHA, TLS_DHE_DSS_WITH_AES_256_CBC_SHA, TLS_ECDHE_ECDSA_WITH_AES_128_CBC_SHA256, TLS_ECDHE_RSA_WITH_AES_128_CBC_SHA256, TLS_RSA_WITH_AES_128_CBC_SHA256, TLS_ECDH_ECDSA_WITH_AES_128_CBC_SHA256, TLS_ECDH_RSA_WITH_AES_128_CBC_SHA256, TLS_DHE_RSA_WITH_AES_128_CBC_SHA256, TLS_DHE_DSS_WITH_AES_128_CBC_SHA256, TLS_ECDHE_ECDSA_WITH_AES_128_CBC_SHA, TLS_ECDHE_RSA_WITH_AES_128_CBC_SHA, TLS_RSA_WITH_AES_128_CBC_SHA, TLS_ECDH_ECDSA_WITH_AES_128_CBC_SHA, TLS_ECDH_RSA_WITH_AES_128_CBC_SHA, TLS_DHE_RSA_WITH_AES_128_CBC_SHA, TLS_DHE_DSS_WITH_AES_128_CBC_SHA, TLS_ECDHE_ECDSA_WITH_AES_256_GCM_SHA384, TLS_ECDHE_ECDSA_WITH_AES_128_GCM_SHA256, TLS_ECDHE_RSA_WITH_AES_256_GCM_SHA384, TLS_RSA_WITH_AES_256_GCM_SHA384, TLS_ECDH_ECDSA_WITH_AES_256_GCM_SHA384, TLS_ECDH_RSA_WITH_AES_256_GCM_SHA384, TLS_DHE_RSA_WITH_AES_256_GCM_SHA384, TLS_DHE_DSS_WITH_AES_256_GCM_SHA384, TLS_ECDHE_RSA_WITH_AES_128_GCM_SHA256, TLS_RSA_WITH_AES_128_GCM_SHA256, TLS_ECDH_ECDSA_WITH_AES_128_GCM_SHA256, TLS_ECDH_RSA_WITH_AES_128_GCM_SHA256, TLS_DHE_RSA_WITH_AES_128_GCM_SHA256, TLS_DHE_DSS_WITH_AES_128_GCM_SHA256, TLS_EMPTY_RENEGOTIATION_INFO_SCSV]
2020-05-23 23:30:51,808 DEBUG [main] SSLConnectionSocketFactory:395 - Starting handshake
2020-05-23 23:30:51,916 DEBUG [main] SSLConnectionSocketFactory:425 - Secure session established
2020-05-23 23:30:51,920 DEBUG [main] SSLConnectionSocketFactory:426 -  negotiated protocol: TLSv1.2
2020-05-23 23:30:51,920 DEBUG [main] SSLConnectionSocketFactory:427 -  negotiated cipher suite: TLS_ECDHE_ECDSA_WITH_AES_128_GCM_SHA256
2020-05-23 23:30:51,921 DEBUG [main] SSLConnectionSocketFactory:435 -  peer principal: CN=*.storage.googleapis.com, O=Google LLC, L=Mountain View, ST=California, C=US
2020-05-23 23:30:51,922 DEBUG [main] SSLConnectionSocketFactory:444 -  peer alternative names: [*.storage.googleapis.com, *.appspot.com.storage.googleapis.com, *.commondatastorage.googleapis.com, *.content-storage-download.googleapis.com, *.content-storage-upload.googleapis.com, *.content-storage.googleapis.com, *.googleapis.com, *.storage-download.googleapis.com, *.storage-upload.googleapis.com, *.storage.select.googleapis.com, commondatastorage.googleapis.com, storage.googleapis.com, storage.select.googleapis.com, unfiltered.news]
2020-05-23 23:30:51,923 DEBUG [main] SSLConnectionSocketFactory:448 -  issuer principal: CN=GTS CA 1O1, O=Google Trust Services, C=US
2020-05-23 23:30:51,928 DEBUG [main] DefaultHttpClientConnectionOperator:146 - Connection established 192.168.31.154:61633<->172.217.163.48:443
2020-05-23 23:30:51,930 DEBUG [main] MainClientExec:256 - Executing request OPTIONS / HTTP/1.1
2020-05-23 23:30:51,930 DEBUG [main] MainClientExec:261 - Target auth state: UNCHALLENGED
2020-05-23 23:30:51,931 DEBUG [main] MainClientExec:267 - Proxy auth state: UNCHALLENGED
2020-05-23 23:30:51,934 DEBUG [main] headers:133 - http-outgoing-0 >> OPTIONS / HTTP/1.1
2020-05-23 23:30:51,934 DEBUG [main] headers:136 - http-outgoing-0 >> Host: chromedriver.storage.googleapis.com
2020-05-23 23:30:51,937 DEBUG [main] headers:136 - http-outgoing-0 >> Connection: Keep-Alive
2020-05-23 23:30:51,938 DEBUG [main] headers:136 - http-outgoing-0 >> User-Agent: Apache-HttpClient/4.5.5 (Java/1.8.0_181)
2020-05-23 23:30:51,938 DEBUG [main] headers:136 - http-outgoing-0 >> Accept-Encoding: gzip,deflate
2020-05-23 23:30:51,939 DEBUG [main] wire:73 - http-outgoing-0 >> "OPTIONS / HTTP/1.1[\r][\n]"
2020-05-23 23:30:51,940 DEBUG [main] wire:73 - http-outgoing-0 >> "Host: chromedriver.storage.googleapis.com[\r][\n]"
2020-05-23 23:30:51,940 DEBUG [main] wire:73 - http-outgoing-0 >> "Connection: Keep-Alive[\r][\n]"
2020-05-23 23:30:51,941 DEBUG [main] wire:73 - http-outgoing-0 >> "User-Agent: Apache-HttpClient/4.5.5 (Java/1.8.0_181)[\r][\n]"
2020-05-23 23:30:51,941 DEBUG [main] wire:73 - http-outgoing-0 >> "Accept-Encoding: gzip,deflate[\r][\n]"
2020-05-23 23:30:51,941 DEBUG [main] wire:73 - http-outgoing-0 >> "[\r][\n]"
2020-05-23 23:30:52,030 DEBUG [main] wire:73 - http-outgoing-0 << "HTTP/1.1 200 OK[\r][\n]"
2020-05-23 23:30:52,031 DEBUG [main] wire:73 - http-outgoing-0 << "X-GUploader-UploadID: AAANsUlp5abCrQd2RkdEqyo9x8AE1-KnCA1Qn71vNbGMWThnl0OVxQrXRwCKi-ewzx30j9YAHVteQGNKVHl9zhSN4Vg[\r][\n]"
2020-05-23 23:30:52,032 DEBUG [main] wire:73 - http-outgoing-0 << "Date: Sat, 23 May 2020 18:00:51 GMT[\r][\n]"
2020-05-23 23:30:52,032 DEBUG [main] wire:73 - http-outgoing-0 << "Expires: Sat, 23 May 2020 18:00:51 GMT[\r][\n]"
2020-05-23 23:30:52,033 DEBUG [main] wire:73 - http-outgoing-0 << "Cache-Control: private, max-age=0[\r][\n]"
2020-05-23 23:30:52,033 DEBUG [main] wire:73 - http-outgoing-0 << "Content-Length: 0[\r][\n]"
2020-05-23 23:30:52,033 DEBUG [main] wire:73 - http-outgoing-0 << "Server: UploadServer[\r][\n]"
2020-05-23 23:30:52,034 DEBUG [main] wire:73 - http-outgoing-0 << "Content-Type: text/html; charset=UTF-8[\r][\n]"
2020-05-23 23:30:52,034 DEBUG [main] wire:73 - http-outgoing-0 << "Alt-Svc: h3-27=":443"; ma=2592000,h3-25=":443"; ma=2592000,h3-T050=":443"; ma=2592000,h3-Q050=":443"; ma=2592000,h3-Q049=":443"; ma=2592000,h3-Q048=":443"; ma=2592000,h3-Q046=":443"; ma=2592000,h3-Q043=":443"; ma=2592000,quic=":443"; ma=2592000; v="46,43"[\r][\n]"
2020-05-23 23:30:52,034 DEBUG [main] wire:73 - http-outgoing-0 << "[\r][\n]"
2020-05-23 23:30:52,039 DEBUG [main] headers:122 - http-outgoing-0 << HTTP/1.1 200 OK
2020-05-23 23:30:52,039 DEBUG [main] headers:125 - http-outgoing-0 << X-GUploader-UploadID: AAANsUlp5abCrQd2RkdEqyo9x8AE1-KnCA1Qn71vNbGMWThnl0OVxQrXRwCKi-ewzx30j9YAHVteQGNKVHl9zhSN4Vg
2020-05-23 23:30:52,039 DEBUG [main] headers:125 - http-outgoing-0 << Date: Sat, 23 May 2020 18:00:51 GMT
2020-05-23 23:30:52,040 DEBUG [main] headers:125 - http-outgoing-0 << Expires: Sat, 23 May 2020 18:00:51 GMT
2020-05-23 23:30:52,040 DEBUG [main] headers:125 - http-outgoing-0 << Cache-Control: private, max-age=0
2020-05-23 23:30:52,040 DEBUG [main] headers:125 - http-outgoing-0 << Content-Length: 0
2020-05-23 23:30:52,041 DEBUG [main] headers:125 - http-outgoing-0 << Server: UploadServer
2020-05-23 23:30:52,041 DEBUG [main] headers:125 - http-outgoing-0 << Content-Type: text/html; charset=UTF-8
2020-05-23 23:30:52,041 DEBUG [main] headers:125 - http-outgoing-0 << Alt-Svc: h3-27=":443"; ma=2592000,h3-25=":443"; ma=2592000,h3-T050=":443"; ma=2592000,h3-Q050=":443"; ma=2592000,h3-Q049=":443"; ma=2592000,h3-Q048=":443"; ma=2592000,h3-Q046=":443"; ma=2592000,h3-Q043=":443"; ma=2592000,quic=":443"; ma=2592000; v="46,43"
2020-05-23 23:30:52,047 DEBUG [main] MainClientExec:285 - Connection can be kept alive indefinitely
2020-05-23 23:30:52,048 DEBUG [main] PoolingHttpClientConnectionManager:341 - Connection [id: 0][route: {s}->https://chromedriver.storage.googleapis.com:443] can be kept alive indefinitely
2020-05-23 23:30:52,048 DEBUG [main] DefaultManagedHttpClientConnection:88 - http-outgoing-0: set socket timeout to 0
2020-05-23 23:30:52,048 DEBUG [main] PoolingHttpClientConnectionManager:348 - Connection released: [id: 0][route: {s}->https://chromedriver.storage.googleapis.com:443][total kept alive: 1; route allocated: 1 of 2; total allocated: 1 of 20]
